<?xml version="1.0" encoding="UTF-8"?>
<testsuite xmlns:xsi="http://www.w3.org/2001/XMLSchema-instance" xsi:noNamespaceSchemaLocation="https://maven.apache.org/surefire/maven-surefire-plugin/xsd/surefire-test-report-3.0.xsd" version="3.0" name="com.proyecto.ColegioBackend.service.DatabaseQueryTest" time="6.508" tests="1" errors="0" skipped="0" failures="0">
  <properties>
[...]
</properties>
  <testcase name="inspectDatabaseAndTestInsert" classname="com.proyecto.ColegioBackend.service.DatabaseQueryTest" time="0.627">
    <system-out><![CDATA[
  .   ____          _            __ _ _
 /\\ / ___'_ __ _ _(_)_ __  __ _ \ \ \ \
( ( )\___ | '_ | '_| | '_ \/ _` | \ \ \ \
 \\/  ___)| |_)| | | | | || (_| |  ) ) ) )
  '  |____| .__|_| |_|_| |_\__, | / / / /
 =========|_|==============|___/=/_/_/_/
 :: Spring Boot ::                (v3.2.0)

2026-06-03T23:10:34.681-04:00  INFO 33952 --- [servicio-academico] [           main] c.p.C.service.DatabaseQueryTest          : Starting DatabaseQueryTest using Java 21.0.8 with PID 33952 (started by vicho in C:\Users\vicho\Downloads\Proyecto COlegio BO\Proyecto COlegio BO\colegio\servicio-academico)
2026-06-03T23:10:34.685-04:00  INFO 33952 --- [servicio-academico] [           main] c.p.C.service.DatabaseQueryTest          : No active profile set, falling back to 1 default profile: "default"
2026-06-03T23:10:35.498-04:00  INFO 33952 --- [servicio-academico] [           main] .s.d.r.c.RepositoryConfigurationDelegate : Bootstrapping Spring Data JPA repositories in DEFAULT mode.
2026-06-03T23:10:35.680-04:00  INFO 33952 --- [servicio-academico] [           main] .s.d.r.c.RepositoryConfigurationDelegate : Finished Spring Data repository scanning in 172 ms. Found 4 JPA repository interfaces.
2026-06-03T23:10:36.293-04:00  INFO 33952 --- [servicio-academico] [           main] o.hibernate.jpa.internal.util.LogHelper  : HHH000204: Processing PersistenceUnitInfo [name: default]
2026-06-03T23:10:36.391-04:00  INFO 33952 --- [servicio-academico] [           main] org.hibernate.Version                    : HHH000412: Hibernate ORM core version 6.3.1.Final
2026-06-03T23:10:36.444-04:00  INFO 33952 --- [servicio-academico] [           main] o.h.c.internal.RegionFactoryInitiator    : HHH000026: Second-level cache disabled
2026-06-03T23:10:36.786-04:00  INFO 33952 --- [servicio-academico] [           main] o.s.o.j.p.SpringPersistenceUnitInfo      : No LoadTimeWeaver setup: ignoring JPA class transformer
2026-06-03T23:10:36.822-04:00  INFO 33952 --- [servicio-academico] [           main] com.zaxxer.hikari.HikariDataSource       : HikariPool-1 - Starting...
2026-06-03T23:10:37.143-04:00  INFO 33952 --- [servicio-academico] [           main] com.zaxxer.hikari.pool.HikariPool        : HikariPool-1 - Added connection org.postgresql.jdbc.PgConnection@bd4ee01
2026-06-03T23:10:37.145-04:00  INFO 33952 --- [servicio-academico] [           main] com.zaxxer.hikari.HikariDataSource       : HikariPool-1 - Start completed.
2026-06-03T23:10:37.191-04:00  WARN 33952 --- [servicio-academico] [           main] org.hibernate.orm.deprecation            : HHH90000025: PostgreSQLDialect does not need to be specified explicitly using 'hibernate.dialect' (remove the property setting and it will be selected by default)
2026-06-03T23:10:38.240-04:00  INFO 33952 --- [servicio-academico] [           main] o.h.e.t.j.p.i.JtaPlatformInitiator       : HHH000489: No JTA platform available (set 'hibernate.transaction.jta.platform' to enable JTA platform integration)
2026-06-03T23:10:38.335-04:00  INFO 33952 --- [servicio-academico] [           main] j.LocalContainerEntityManagerFactoryBean : Initialized JPA EntityManagerFactory for persistence unit 'default'
2026-06-03T23:10:39.138-04:00  WARN 33952 --- [servicio-academico] [           main] JpaBaseConfiguration$JpaWebConfiguration : spring.jpa.open-in-view is enabled by default. Therefore, database queries may be performed during view rendering. Explicitly configure spring.jpa.open-in-view to disable this warning
2026-06-03T23:10:39.603-04:00  INFO 33952 --- [servicio-academico] [           main] c.p.C.service.DatabaseQueryTest          : Started DatabaseQueryTest in 5.248 seconds (process running for 6.526)
==================================================
   DIAGNOSTIC TEST: ACADEMICO_DB DATABASE STATUS   
==================================================

--- Table: cursos ---
Columns:
  id (bigint, Nullable: NO)
  codigo (character varying, Nullable: NO)
  descripcion (character varying, Nullable: YES)
  nombre (character varying, Nullable: NO)
  profesor_id (bigint, Nullable: YES)
Rows count (preview first 5): 1
  {id=1, codigo=CUR-1A, descripcion=Primero Medio A - Creado por SQL, nombre=1 A, profesor_id=2}

--- Table: pruebas ---
Columns:
  id (bigint, Nullable: NO)
  descripcion (character varying, Nullable: YES)
  fecha (date, Nullable: NO)
  titulo (character varying, Nullable: NO)
  curso_id (bigint, Nullable: NO)
Rows count (preview first 5): 1
  {id=1, descripcion=cagaron cauros, fecha=1221-12-11, titulo=prueba final, curso_id=1}

--- Table: notas ---
Columns:
  id (bigint, Nullable: NO)
  alumno_id (bigint, Nullable: NO)
  comentario (character varying, Nullable: YES)
  valor (double precision, Nullable: NO)
  prueba_id (bigint, Nullable: NO)
Rows count (preview first 5): 1
  {id=1, alumno_id=28, comentario=szs, valor=2.0, prueba_id=1}

--- Table: matriculas_cursos ---
Columns:
  id (bigint, Nullable: NO)
  fecha_matricula (timestamp without time zone, Nullable: YES)
  usuario_id (bigint, Nullable: NO)
  curso_id (bigint, Nullable: NO)
Rows count (preview first 5): 1
  {id=1, fecha_matricula=2026-06-03 23:02:16.146459, usuario_id=28, curso_id=1}

--- Testing Mock Grade Insert ---
Using existing course with ID: 1
Using existing prueba with ID: 1
Successfully executed mock grade insert/no-conflict statement!
Grades (notas) in database: 2
  {id=1, alumno_id=28, comentario=szs, valor=2.0, prueba_id=1}
  {id=2, alumno_id=999, comentario=Comentario de prueba, valor=6.8, prueba_id=1}
==================================================
]]></system-out>
    <system-err><![CDATA[WARNING: A Java agent has been loaded dynamically (C:\Users\vicho\.m2\repository\net\bytebuddy\byte-buddy-agent\1.14.10\byte-buddy-agent-1.14.10.jar)
WARNING: If a serviceability tool is in use, please run with -XX:+EnableDynamicAgentLoading to hide this warning
WARNING: If a serviceability tool is not in use, please run with -Djdk.instrument.traceUsage for more information
WARNING: Dynamic loading of agents will be disallowed by default in a future release
]]></system-err>
  </testcase>
</testsuite>