<?xml version="1.0" encoding="UTF-8"?>
<testsuite xmlns:xsi="http://www.w3.org/2001/XMLSchema-instance" xsi:noNamespaceSchemaLocation="https://maven.apache.org/surefire/maven-surefire-plugin/xsd/surefire-test-report-3.0.xsd" version="3.0" name="com.proyecto.ColegioBackend.service.DatabaseQueryTest" time="6.831" tests="1" errors="0" skipped="0" failures="0">
  <properties>
[...]
</properties>
  <testcase name="inspectDatabaseAndTestInsert" classname="com.proyecto.ColegioBackend.service.DatabaseQueryTest" time="0.069">
    <system-out><![CDATA[
  .   ____          _            __ _ _
 /\\ / ___'_ __ _ _(_)_ __  __ _ \ \ \ \
( ( )\___ | '_ | '_| | '_ \/ _` | \ \ \ \
 \\/  ___)| |_)| | | | | || (_| |  ) ) ) )
  '  |____| .__|_| |_|_| |_\__, | / / / /
 =========|_|==============|___/=/_/_/_/
 :: Spring Boot ::                (v3.2.0)

2026-06-14T22:14:28.979-04:00  INFO 15640 --- [servicio-academico] [           main] c.p.C.service.DatabaseQueryTest          : Starting DatabaseQueryTest using Java 21.0.10 with PID 15640 (started by vicho in C:\Users\vicho\Downloads\proyecto\proyecto\colegio\servicio-academico)
2026-06-14T22:14:28.981-04:00  INFO 15640 --- [servicio-academico] [           main] c.p.C.service.DatabaseQueryTest          : No active profile set, falling back to 1 default profile: "default"
2026-06-14T22:14:30.637-04:00  INFO 15640 --- [servicio-academico] [           main] .s.d.r.c.RepositoryConfigurationDelegate : Bootstrapping Spring Data JPA repositories in DEFAULT mode.
2026-06-14T22:14:30.746-04:00  INFO 15640 --- [servicio-academico] [           main] .s.d.r.c.RepositoryConfigurationDelegate : Finished Spring Data repository scanning in 93 ms. Found 5 JPA repository interfaces.
2026-06-14T22:14:31.482-04:00  INFO 15640 --- [servicio-academico] [           main] o.hibernate.jpa.internal.util.LogHelper  : HHH000204: Processing PersistenceUnitInfo [name: default]
2026-06-14T22:14:31.579-04:00  INFO 15640 --- [servicio-academico] [           main] org.hibernate.Version                    : HHH000412: Hibernate ORM core version 6.3.1.Final
2026-06-14T22:14:31.623-04:00  INFO 15640 --- [servicio-academico] [           main] o.h.c.internal.RegionFactoryInitiator    : HHH000026: Second-level cache disabled
2026-06-14T22:14:31.756-04:00  INFO 15640 --- [servicio-academico] [           main] o.s.o.j.p.SpringPersistenceUnitInfo      : No LoadTimeWeaver setup: ignoring JPA class transformer
2026-06-14T22:14:31.794-04:00  INFO 15640 --- [servicio-academico] [           main] com.zaxxer.hikari.HikariDataSource       : HikariPool-1 - Starting...
2026-06-14T22:14:32.029-04:00  INFO 15640 --- [servicio-academico] [           main] com.zaxxer.hikari.pool.HikariPool        : HikariPool-1 - Added connection org.postgresql.jdbc.PgConnection@1659d7d
2026-06-14T22:14:32.031-04:00  INFO 15640 --- [servicio-academico] [           main] com.zaxxer.hikari.HikariDataSource       : HikariPool-1 - Start completed.
2026-06-14T22:14:32.094-04:00  WARN 15640 --- [servicio-academico] [           main] org.hibernate.orm.deprecation            : HHH90000025: PostgreSQLDialect does not need to be specified explicitly using 'hibernate.dialect' (remove the property setting and it will be selected by default)
2026-06-14T22:14:32.953-04:00  INFO 15640 --- [servicio-academico] [           main] o.h.e.t.j.p.i.JtaPlatformInitiator       : HHH000489: No JTA platform available (set 'hibernate.transaction.jta.platform' to enable JTA platform integration)
2026-06-14T22:14:33.084-04:00  INFO 15640 --- [servicio-academico] [           main] j.LocalContainerEntityManagerFactoryBean : Initialized JPA EntityManagerFactory for persistence unit 'default'
2026-06-14T22:14:34.133-04:00  WARN 15640 --- [servicio-academico] [           main] JpaBaseConfiguration$JpaWebConfiguration : spring.jpa.open-in-view is enabled by default. Therefore, database queries may be performed during view rendering. Explicitly configure spring.jpa.open-in-view to disable this warning
2026-06-14T22:14:34.859-04:00  INFO 15640 --- [servicio-academico] [           main] c.p.C.service.DatabaseQueryTest          : Started DatabaseQueryTest in 6.256 seconds (process running for 9.816)
==================================================
   DIAGNOSTIC TEST: ACADEMICO_DB DATABASE STATUS   
==================================================

--- Table: cursos ---
Columns:
  id (bigint, Nullable: NO)
  codigo (character varying, Nullable: NO)
  descripcion (character varying, Nullable: YES)
  nombre (character varying, Nullable: NO)
  profesor_id (bigint, Nullable: YES)
Rows count (preview first 5): 4
  {id=1, codigo=CUR-1A, descripcion=Primero Medio A - Creado por SQL, nombre=1 A, profesor_id=2}
  {id=3, codigo=CUR-PRIMERO-B-SICO, descripcion=null, nombre=Primero Básico, profesor_id=null}
  {id=4, codigo=CUR-SEGUNDO-B-SICO, descripcion=null, nombre=Segundo Básico, profesor_id=null}
  {id=5, codigo=CUR-TERCERO-B-SICO, descripcion=null, nombre=Tercero Básico, profesor_id=null}

--- Table: pruebas ---
Columns:
  id (bigint, Nullable: NO)
  asignatura (character varying, Nullable: NO)
  descripcion (character varying, Nullable: YES)
  fecha (date, Nullable: NO)
  titulo (character varying, Nullable: NO)
  curso_id (bigint, Nullable: NO)
Rows count (preview first 5): 2
  {id=1, asignatura=historia 1, descripcion=JUAJUA, fecha=2026-06-08, titulo=Prueba 1, curso_id=1}
  {id=2, asignatura=ingles 1, descripcion=Formula 1, fecha=2026-06-08, titulo=Testing, curso_id=3}

--- Table: notas ---
Columns:
  id (bigint, Nullable: NO)
  alumno_id (bigint, Nullable: NO)
  comentario (character varying, Nullable: YES)
  valor (double precision, Nullable: NO)
  prueba_id (bigint, Nullable: NO)
Rows count (preview first 5): 5
  {id=1, alumno_id=36, comentario=Muy muy biennnn, valor=6.7, prueba_id=2}
  {id=2, alumno_id=999, comentario=Comentario de prueba, valor=6.8, prueba_id=1}
  {id=3, alumno_id=999, comentario=Comentario de prueba, valor=6.8, prueba_id=1}
  {id=4, alumno_id=999, comentario=Comentario de prueba, valor=6.8, prueba_id=1}
  {id=5, alumno_id=999, comentario=Comentario de prueba, valor=6.8, prueba_id=1}

--- Table: matriculas_cursos ---
Columns:
  id (bigint, Nullable: NO)
  fecha_matricula (timestamp without time zone, Nullable: YES)
  usuario_id (bigint, Nullable: NO)
  curso_id (bigint, Nullable: NO)
Rows count (preview first 5): 3
  {id=1, fecha_matricula=2026-06-03 23:02:16.146459, usuario_id=28, curso_id=1}
  {id=2, fecha_matricula=2026-06-08 17:42:03.478954, usuario_id=36, curso_id=3}
  {id=3, fecha_matricula=2026-06-14 13:17:14.939553, usuario_id=39, curso_id=3}

--- Testing Mock Grade Insert ---
Using existing course with ID: 1
Using existing prueba with ID: 1
Successfully executed mock grade insert/no-conflict statement!
Grades (notas) in database: 11
  {id=1, alumno_id=36, comentario=Muy muy biennnn, valor=6.7, prueba_id=2}
  {id=2, alumno_id=999, comentario=Comentario de prueba, valor=6.8, prueba_id=1}
  {id=3, alumno_id=999, comentario=Comentario de prueba, valor=6.8, prueba_id=1}
  {id=4, alumno_id=999, comentario=Comentario de prueba, valor=6.8, prueba_id=1}
  {id=5, alumno_id=999, comentario=Comentario de prueba, valor=6.8, prueba_id=1}
  {id=6, alumno_id=999, comentario=Comentario de prueba, valor=6.8, prueba_id=1}
  {id=7, alumno_id=999, comentario=Comentario de prueba, valor=6.8, prueba_id=1}
  {id=8, alumno_id=999, comentario=Comentario de prueba, valor=6.8, prueba_id=1}
  {id=9, alumno_id=999, comentario=Comentario de prueba, valor=6.8, prueba_id=1}
  {id=10, alumno_id=999, comentario=Comentario de prueba, valor=6.8, prueba_id=1}
  {id=11, alumno_id=999, comentario=Comentario de prueba, valor=6.8, prueba_id=1}
==================================================
]]></system-out>
  </testcase>
</testsuite>